  [4;36;1mSQL (0.2ms)[0m   [0;1mSET NAMES 'utf8'[0m
  [4;35;1mSQL (0.2ms)[0m   [0mSET SQL_AUTO_IS_NULL=0[0m
  [4;36;1mSQL (0.6ms)[0m   [0;1mSHOW TABLES[0m
  [4;35;1mSQL (39.7ms)[0m   [0mCREATE TABLE `schema_migrations` (`version` varchar(255) NOT NULL) ENGINE=InnoDB[0m
  [4;36;1mSQL (24.7ms)[0m   [0;1mCREATE UNIQUE INDEX `unique_schema_migrations` ON `schema_migrations` (`version`)[0m
  [4;35;1mSQL (0.5ms)[0m   [0mSHOW TABLES[0m
  [4;36;1mSQL (0.7ms)[0m   [0;1mSELECT version FROM schema_migrations[0m
Migrating to CreatePages (20090305112531)
  [4;35;1mSQL (3.7ms)[0m   [0mCREATE TABLE `pages` (`id` int(11) DEFAULT NULL auto_increment PRIMARY KEY, `title` varchar(255), `permalink` varchar(255), `description` text, `status` tinyint(1) DEFAULT 1, `active` tinyint(1) DEFAULT 1, `created_at` datetime, `updated_at` datetime) ENGINE=InnoDB[0m
  [4;36;1mSQL (0.6ms)[0m   [0;1mINSERT INTO schema_migrations (version) VALUES ('20090305112531')[0m
Migrating to CreatePosts (20090305112541)
  [4;35;1mSQL (3.1ms)[0m   [0mCREATE TABLE `posts` (`id` int(11) DEFAULT NULL auto_increment PRIMARY KEY, `title` varchar(255), `permalink` varchar(255), `description` text, `status` tinyint(1) DEFAULT 1, `active` tinyint(1) DEFAULT 1, `published_at` datetime, `created_at` datetime, `updated_at` datetime) ENGINE=InnoDB[0m
  [4;36;1mSQL (1.0ms)[0m   [0;1mINSERT INTO schema_migrations (version) VALUES ('20090305112541')[0m
Migrating to CreateComments (20090305112925)
  [4;35;1mSQL (4.0ms)[0m   [0mCREATE TABLE `comments` (`id` int(11) DEFAULT NULL auto_increment PRIMARY KEY, `author` varchar(255), `author_url` varchar(255), `author_email` varchar(255), `description` text, `spam` tinyint(1) DEFAULT 0, `status` tinyint(1) DEFAULT 0, `commentable_id` int(11), `commentable_type` varchar(255), `created_at` datetime, `updated_at` datetime) ENGINE=InnoDB[0m
  [4;36;1mSQL (0.7ms)[0m   [0;1mINSERT INTO schema_migrations (version) VALUES ('20090305112925')[0m
  [4;35;1mSQL (0.6ms)[0m   [0mSHOW TABLES[0m
  [4;36;1mSQL (0.4ms)[0m   [0;1mSELECT version FROM schema_migrations[0m
  [4;35;1mSQL (0.5ms)[0m   [0mSHOW TABLES[0m
  [4;36;1mSQL (2.2ms)[0m   [0;1mSHOW FIELDS FROM `comments`[0m
  [4;35;1mSQL (1.8ms)[0m   [0mdescribe `comments`[0m
  [4;36;1mSQL (0.5ms)[0m   [0;1mSHOW KEYS FROM `comments`[0m
  [4;35;1mSQL (1.3ms)[0m   [0mSHOW FIELDS FROM `pages`[0m
  [4;36;1mSQL (1.2ms)[0m   [0;1mdescribe `pages`[0m
  [4;35;1mSQL (0.5ms)[0m   [0mSHOW KEYS FROM `pages`[0m
  [4;36;1mSQL (1.3ms)[0m   [0;1mSHOW FIELDS FROM `posts`[0m
  [4;35;1mSQL (1.2ms)[0m   [0mdescribe `posts`[0m
  [4;36;1mSQL (0.4ms)[0m   [0;1mSHOW KEYS FROM `posts`[0m
  [4;36;1mSQL (0.2ms)[0m   [0;1mSET NAMES 'utf8'[0m
  [4;35;1mSQL (0.2ms)[0m   [0mSET SQL_AUTO_IS_NULL=0[0m


Processing PostsController#index (for 127.0.0.1 at 2009-03-05 17:56:08) [GET]
  [4;36;1mPost Load (0.6ms)[0m   [0;1mSELECT * FROM `posts` [0m
Rendering template within layouts/application
Rendering posts/index
Completed in 61ms (View: 43, DB: 1) | 200 OK [http://localhost/]
  [4;35;1mSQL (0.2ms)[0m   [0mSET NAMES 'utf8'[0m
  [4;36;1mSQL (0.2ms)[0m   [0;1mSET SQL_AUTO_IS_NULL=0[0m


Processing ApplicationController#index (for 127.0.0.1 at 2009-03-05 17:56:14) [GET]

NameError (uninitialized constant Admin):
  

Rendered rescues/_trace (65.2ms)
Rendered rescues/_request_and_response (2.6ms)
Rendering rescues/layout (internal_server_error)
  [4;36;1mSQL (0.1ms)[0m   [0;1mSET NAMES 'utf8'[0m
  [4;35;1mSQL (0.1ms)[0m   [0mSET SQL_AUTO_IS_NULL=0[0m
  [4;36;1mPost Columns (1.1ms)[0m   [0;1mSHOW FIELDS FROM `posts`[0m
  [4;35;1mComment Columns (1.2ms)[0m   [0mSHOW FIELDS FROM `comments`[0m
  [4;36;1mSQL (0.4ms)[0m   [0;1mSHOW TABLES[0m
  [4;35;1mPage Columns (1.0ms)[0m   [0mSHOW FIELDS FROM `pages`[0m
  [4;36;1mSQL (0.1ms)[0m   [0;1mSET NAMES 'utf8'[0m
  [4;35;1mSQL (0.1ms)[0m   [0mSET SQL_AUTO_IS_NULL=0[0m
  [4;36;1mPost Columns (1.2ms)[0m   [0;1mSHOW FIELDS FROM `posts`[0m
  [4;35;1mComment Columns (1.3ms)[0m   [0mSHOW FIELDS FROM `comments`[0m
  [4;36;1mSQL (0.4ms)[0m   [0;1mSHOW TABLES[0m
  [4;35;1mPage Columns (1.0ms)[0m   [0mSHOW FIELDS FROM `pages`[0m
  [4;36;1mSQL (0.1ms)[0m   [0;1mSET NAMES 'utf8'[0m
  [4;35;1mSQL (0.1ms)[0m   [0mSET SQL_AUTO_IS_NULL=0[0m
  [4;36;1mPost Columns (1.1ms)[0m   [0;1mSHOW FIELDS FROM `posts`[0m
  [4;35;1mComment Columns (1.2ms)[0m   [0mSHOW FIELDS FROM `comments`[0m
  [4;36;1mPage Columns (1.1ms)[0m   [0;1mSHOW FIELDS FROM `pages`[0m
  [4;36;1mSQL (0.1ms)[0m   [0;1mSET NAMES 'utf8'[0m
  [4;35;1mSQL (0.1ms)[0m   [0mSET SQL_AUTO_IS_NULL=0[0m
  [4;36;1mPost Columns (1.1ms)[0m   [0;1mSHOW FIELDS FROM `posts`[0m
  [4;35;1mComment Columns (1.2ms)[0m   [0mSHOW FIELDS FROM `comments`[0m
  [4;36;1mPage Columns (1.2ms)[0m   [0;1mSHOW FIELDS FROM `pages`[0m
